Arguments: 
  /usr/local/bin/node /usr/local/bin/yarn add @awesome.me/kit-KIT_CODE

PATH: 
  /usr/local/bin:/usr/bin:/bin:/usr/sbin:/sbin

Yarn version: 
  1.22.19

Node version: 
  20.11.0

Platform: 
  darwin x64

Trace: 
  Error: https://registry.yarnpkg.com/@awesome.me%2fkit-KIT_CODE: Not found
      at params.callback [as _callback] (/usr/local/lib/node_modules/yarn/lib/cli.js:66145:18)
      at self.callback (/usr/local/lib/node_modules/yarn/lib/cli.js:140890:22)
      at Request.emit (node:events:518:28)
      at Request.<anonymous> (/usr/local/lib/node_modules/yarn/lib/cli.js:141862:10)
      at Request.emit (node:events:518:28)
      at IncomingMessage.<anonymous> (/usr/local/lib/node_modules/yarn/lib/cli.js:141784:12)
      at Object.onceWrapper (node:events:632:28)
      at IncomingMessage.emit (node:events:530:35)
      at endReadableNT (node:internal/streams/readable:1696:12)
      at process.processTicksAndRejections (node:internal/process/task_queues:82:21)

npm manifest: 
  {
    "name": "react-crud-application",
    "version": "1.0.0",
    "description": "",
    "main": "index.js",
    "homepage": "https://rahulfaujdar.github.io/react-crud-application",
    "scripts": {
      "start": "react-scripts start",
      "build": "react-scripts build",
      "test": "react-scripts test",
      "eject": "react-scripts eject",
      "predeploy": "npm run build",
      "deploy": "gh-pages -d build"
    },
    "keywords": [],
    "author": "Rahul Faujdar",
    "license": "ISC",
    "dependencies": {
      "@fortawesome/fontawesome-svg-core": "^6.5.2",
      "@fortawesome/react-fontawesome": "^0.2.2",
      "react": "^18.2.0",
      "react-dom": "^18.2.0",
      "react-router-dom": "^6.8.2",
      "react-scripts": "^5.0.1"
    },
    "browserslist": {
      "production": [
        ">0.2%",
        "not dead",
        "not op_mini all"
      ],
      "development": [
        "last 1 chrome version",
        "last 1 firefox version",
        "last 1 safari version"
      ]
    },
    "devDependencies": {
      "gh-pages": "^5.0.0"
    }
  }

yarn manifest: 
  No manifest

Lockfile: 
  No lockfile
